12-08 19:35 INFO     cuda:0
12-08 19:35 INFO     ####################################################################################################
12-08 19:35 INFO     Partitioning data
12-08 19:36 INFO     Data statistics: {0: {0: 953, 1: 142, 2: 141, 3: 75, 4: 695, 5: 819, 7: 2482}, 1: {0: 16, 1: 43, 2: 902, 3: 1650, 4: 86, 5: 182, 7: 693, 8: 110, 9: 6}, 2: {0: 9, 1: 8, 2: 290, 3: 769, 4: 841, 5: 283, 6: 119, 7: 1044, 8: 1014, 9: 58}, 3: {0: 395, 1: 1200, 2: 48, 3: 68, 4: 896, 5: 681, 6: 90, 7: 17, 8: 1351, 9: 301}, 4: {0: 504, 1: 2917, 2: 570, 3: 721, 4: 121, 5: 356}, 5: {0: 1262, 1: 71, 2: 325, 3: 119, 4: 1560, 5: 14, 6: 1, 7: 85, 8: 366}, 6: {0: 9, 1: 273, 2: 1657, 3: 40, 4: 1, 5: 130, 6: 1911, 7: 21, 8: 1160}, 7: {0: 722, 1: 3, 2: 281, 3: 738, 4: 22, 5: 974, 6: 624, 7: 1, 8: 82, 9: 878}, 8: {0: 1127, 1: 153, 2: 680, 3: 500, 4: 698, 5: 1139, 6: 92, 7: 23, 8: 1, 9: 3665}, 9: {0: 3, 1: 190, 2: 106, 3: 320, 4: 80, 5: 422, 6: 2163, 7: 634, 8: 916, 9: 92}}
12-08 19:36 INFO     Initializing nets
12-08 19:36 INFO     Initializing nets
12-08 19:36 INFO     Training network 0. n_training: 5307
12-08 19:36 INFO     Training network 0
12-08 19:36 INFO     n_training: 82
12-08 19:36 INFO     n_test: 313
12-08 19:36 INFO     >> Pre-Training Training accuracy: 0.4681783536585366
12-08 19:36 INFO     >> Pre-Training Test accuracy: 0.1
12-08 19:36 INFO     Epoch: 0 Loss: 1.682285
12-08 19:36 INFO     >> Training accuracy: 0.467416
12-08 19:36 INFO     >> Test accuracy: 0.100000
12-08 19:36 INFO     Epoch: 1 Loss: 1.391932
12-08 19:36 INFO     Epoch: 2 Loss: 1.286133
12-08 19:36 INFO     Epoch: 3 Loss: 1.188686
12-08 19:36 INFO     Epoch: 4 Loss: 1.132327
12-08 19:37 INFO     Epoch: 5 Loss: 1.088262
12-08 19:37 INFO     Epoch: 6 Loss: 1.044321
12-08 19:37 INFO     Epoch: 7 Loss: 1.023605
12-08 19:37 INFO     Epoch: 8 Loss: 0.998225
12-08 19:37 INFO     Epoch: 9 Loss: 0.991760
12-08 19:37 INFO     >> Training accuracy: 0.665587
12-08 19:37 INFO     >> Test accuracy: 0.260100
12-08 19:37 INFO      ** Training complete **
12-08 19:37 INFO     net 0 final test acc 0.260100
12-08 19:37 INFO     Training network 1. n_training: 3688
12-08 19:37 INFO     Training network 1
12-08 19:37 INFO     n_training: 57
12-08 19:37 INFO     n_test: 313
12-08 19:37 INFO     >> Pre-Training Training accuracy: 0.049890350877192985
12-08 19:37 INFO     >> Pre-Training Test accuracy: 0.0995
12-08 19:37 INFO     Epoch: 0 Loss: 1.718794
12-08 19:37 INFO     >> Training accuracy: 0.447368
12-08 19:37 INFO     >> Test accuracy: 0.100000
12-08 19:37 INFO     Epoch: 1 Loss: 1.442439
12-08 19:37 INFO     Epoch: 2 Loss: 1.414174
12-08 19:38 INFO     Epoch: 3 Loss: 1.381159
12-08 19:38 INFO     Epoch: 4 Loss: 1.324549
12-08 19:38 INFO     Epoch: 5 Loss: 1.284044
12-08 19:38 INFO     Epoch: 6 Loss: 1.253014
12-08 19:38 INFO     Epoch: 7 Loss: 1.222386
12-08 19:38 INFO     Epoch: 8 Loss: 1.157388
12-08 19:38 INFO     Epoch: 9 Loss: 1.145105
12-08 19:38 INFO     >> Training accuracy: 0.585526
12-08 19:38 INFO     >> Test accuracy: 0.182000
12-08 19:38 INFO      ** Training complete **
12-08 19:38 INFO     net 1 final test acc 0.182000
12-08 19:38 INFO     Training network 2. n_training: 4435
12-08 19:38 INFO     Training network 2
12-08 19:38 INFO     n_training: 69
12-08 19:38 INFO     n_test: 313
12-08 19:38 INFO     >> Pre-Training Training accuracy: 0.06385869565217392
12-08 19:38 INFO     >> Pre-Training Test accuracy: 0.1
12-08 19:38 INFO     Epoch: 0 Loss: 1.998630
12-08 19:38 INFO     >> Training accuracy: 0.282609
12-08 19:38 INFO     >> Test accuracy: 0.121000
12-08 19:38 INFO     Epoch: 1 Loss: 1.743075
12-08 19:39 INFO     Epoch: 2 Loss: 1.632263
12-08 19:39 INFO     Epoch: 3 Loss: 1.540759
12-08 19:39 INFO     Epoch: 4 Loss: 1.462361
12-08 19:39 INFO     Epoch: 5 Loss: 1.411530
12-08 19:39 INFO     Epoch: 6 Loss: 1.379963
12-08 19:39 INFO     Epoch: 7 Loss: 1.335617
12-08 19:39 INFO     Epoch: 8 Loss: 1.276982
12-08 19:39 INFO     Epoch: 9 Loss: 1.269962
12-08 19:39 INFO     >> Training accuracy: 0.572690
12-08 19:39 INFO     >> Test accuracy: 0.273700
12-08 19:39 INFO      ** Training complete **
12-08 19:39 INFO     net 2 final test acc 0.273700
12-08 19:39 INFO     Training network 3. n_training: 5047
12-08 19:39 INFO     Training network 3
12-08 19:39 INFO     n_training: 78
12-08 19:39 INFO     n_test: 313
12-08 19:39 INFO     >> Pre-Training Training accuracy: 0.018028846153846152
12-08 19:39 INFO     >> Pre-Training Test accuracy: 0.1
12-08 19:40 INFO     Epoch: 0 Loss: 1.941408
12-08 19:40 INFO     >> Training accuracy: 0.339944
12-08 19:40 INFO     >> Test accuracy: 0.132300
12-08 19:40 INFO     Epoch: 1 Loss: 1.657725
12-08 19:40 INFO     Epoch: 2 Loss: 1.550822
12-08 19:40 INFO     Epoch: 3 Loss: 1.431787
12-08 19:40 INFO     Epoch: 4 Loss: 1.348222
12-08 19:40 INFO     Epoch: 5 Loss: 1.251549
12-08 19:40 INFO     Epoch: 6 Loss: 1.183024
12-08 19:40 INFO     Epoch: 7 Loss: 1.199901
12-08 19:40 INFO     Epoch: 8 Loss: 1.159042
12-08 19:40 INFO     Epoch: 9 Loss: 1.103909
12-08 19:40 INFO     >> Training accuracy: 0.625401
12-08 19:40 INFO     >> Test accuracy: 0.303700
12-08 19:40 INFO      ** Training complete **
12-08 19:40 INFO     net 3 final test acc 0.303700
12-08 19:40 INFO     Training network 4. n_training: 5189
12-08 19:41 INFO     Training network 4
12-08 19:41 INFO     n_training: 81
12-08 19:41 INFO     n_test: 313
12-08 19:41 INFO     >> Pre-Training Training accuracy: 0.0
12-08 19:41 INFO     >> Pre-Training Test accuracy: 0.0997
12-08 19:41 INFO     Epoch: 0 Loss: 1.559258
12-08 19:41 INFO     >> Training accuracy: 0.561921
12-08 19:41 INFO     >> Test accuracy: 0.100000
12-08 19:41 INFO     Epoch: 1 Loss: 1.172216
12-08 19:41 INFO     Epoch: 2 Loss: 1.010908
12-08 19:41 INFO     Epoch: 3 Loss: 0.930615
12-08 19:41 INFO     Epoch: 4 Loss: 0.880059
12-08 19:41 INFO     Epoch: 5 Loss: 0.843945
12-08 19:41 INFO     Epoch: 6 Loss: 0.838017
12-08 19:41 INFO     Epoch: 7 Loss: 0.809580
12-08 19:41 INFO     Epoch: 8 Loss: 0.746612
12-08 19:42 INFO     Epoch: 9 Loss: 0.750902
12-08 19:42 INFO     >> Training accuracy: 0.731481
12-08 19:42 INFO     >> Test accuracy: 0.267500
12-08 19:42 INFO      ** Training complete **
12-08 19:42 INFO     net 4 final test acc 0.267500
12-08 19:42 INFO     Training network 5. n_training: 3803
12-08 19:42 INFO     Training network 5
12-08 19:42 INFO     n_training: 59
12-08 19:42 INFO     n_test: 313
12-08 19:42 INFO     >> Pre-Training Training accuracy: 0.3032309322033898
12-08 19:42 INFO     >> Pre-Training Test accuracy: 0.0935
12-08 19:42 INFO     Epoch: 0 Loss: 1.737725
12-08 19:42 INFO     >> Training accuracy: 0.410487
12-08 19:42 INFO     >> Test accuracy: 0.100000
12-08 19:42 INFO     Epoch: 1 Loss: 1.481040
12-08 19:42 INFO     Epoch: 2 Loss: 1.407611
12-08 19:42 INFO     Epoch: 3 Loss: 1.213651
12-08 19:42 INFO     Epoch: 4 Loss: 1.169482
12-08 19:42 INFO     Epoch: 5 Loss: 1.143733
12-08 19:42 INFO     Epoch: 6 Loss: 1.112769
12-08 19:42 INFO     Epoch: 7 Loss: 1.108052
12-08 19:42 INFO     Epoch: 8 Loss: 1.086120
12-08 19:42 INFO     Epoch: 9 Loss: 1.076212
12-08 19:43 INFO     >> Training accuracy: 0.652278
12-08 19:43 INFO     >> Test accuracy: 0.178100
12-08 19:43 INFO      ** Training complete **
12-08 19:43 INFO     net 5 final test acc 0.178100
12-08 19:43 INFO     Training network 6. n_training: 5202
12-08 19:43 INFO     Training network 6
12-08 19:43 INFO     n_training: 81
12-08 19:43 INFO     n_test: 313
12-08 19:43 INFO     >> Pre-Training Training accuracy: 0.0038580246913580245
12-08 19:43 INFO     >> Pre-Training Test accuracy: 0.1
12-08 19:43 INFO     Epoch: 0 Loss: 1.635647
12-08 19:43 INFO     >> Training accuracy: 0.319444
12-08 19:43 INFO     >> Test accuracy: 0.100000
12-08 19:43 INFO     Epoch: 1 Loss: 1.196977
12-08 19:43 INFO     Epoch: 2 Loss: 1.087252
12-08 19:43 INFO     Epoch: 3 Loss: 1.035789
12-08 19:43 INFO     Epoch: 4 Loss: 0.979805
12-08 19:43 INFO     Epoch: 5 Loss: 0.943832
12-08 19:43 INFO     Epoch: 6 Loss: 0.925703
12-08 19:43 INFO     Epoch: 7 Loss: 0.850842
12-08 19:44 INFO     Epoch: 8 Loss: 0.810230
12-08 19:44 INFO     Epoch: 9 Loss: 0.830648
12-08 19:44 INFO     >> Training accuracy: 0.665123
12-08 19:44 INFO     >> Test accuracy: 0.249000
12-08 19:44 INFO      ** Training complete **
12-08 19:44 INFO     net 6 final test acc 0.249000
12-08 19:44 INFO     Training network 7. n_training: 4325
12-08 19:44 INFO     Training network 7
12-08 19:44 INFO     n_training: 67
12-08 19:44 INFO     n_test: 313
12-08 19:44 INFO     >> Pre-Training Training accuracy: 0.06693097014925373
12-08 19:44 INFO     >> Pre-Training Test accuracy: 0.1007
12-08 19:44 INFO     Epoch: 0 Loss: 2.026642
12-08 19:44 INFO     >> Training accuracy: 0.224813
12-08 19:44 INFO     >> Test accuracy: 0.100000
12-08 19:44 INFO     Epoch: 1 Loss: 1.808566
12-08 19:44 INFO     Epoch: 2 Loss: 1.621313
12-08 19:44 INFO     Epoch: 3 Loss: 1.498581
12-08 19:44 INFO     Epoch: 4 Loss: 1.445286
12-08 19:45 INFO     Epoch: 5 Loss: 1.353676
12-08 19:45 INFO     Epoch: 6 Loss: 1.295134
12-08 19:45 INFO     Epoch: 7 Loss: 1.304075
12-08 19:45 INFO     Epoch: 8 Loss: 1.250848
12-08 19:45 INFO     Epoch: 9 Loss: 1.209973
12-08 19:45 INFO     >> Training accuracy: 0.532416
12-08 19:45 INFO     >> Test accuracy: 0.304200
12-08 19:45 INFO      ** Training complete **
12-08 19:45 INFO     net 7 final test acc 0.304200
12-08 19:45 INFO     Training network 8. n_training: 8078
12-08 19:45 INFO     Training network 8
12-08 19:45 INFO     n_training: 126
12-08 19:45 INFO     n_test: 313
12-08 19:45 INFO     >> Pre-Training Training accuracy: 0.0842013888888889
12-08 19:45 INFO     >> Pre-Training Test accuracy: 0.1
12-08 19:45 INFO     Epoch: 0 Loss: 1.749841
12-08 19:46 INFO     >> Training accuracy: 0.453621
12-08 19:46 INFO     >> Test accuracy: 0.100000
12-08 19:46 INFO     Epoch: 1 Loss: 1.395803
12-08 19:46 INFO     Epoch: 2 Loss: 1.248900
12-08 19:46 INFO     Epoch: 3 Loss: 1.176112
12-08 19:46 INFO     Epoch: 4 Loss: 1.127877
12-08 19:46 INFO     Epoch: 5 Loss: 1.087834
12-08 19:46 INFO     Epoch: 6 Loss: 1.062459
12-08 19:46 INFO     Epoch: 7 Loss: 1.030481
12-08 19:47 INFO     Epoch: 8 Loss: 1.018977
12-08 19:47 INFO     Epoch: 9 Loss: 0.990298
12-08 19:47 INFO     >> Training accuracy: 0.662574
12-08 19:47 INFO     >> Test accuracy: 0.290300
12-08 19:47 INFO      ** Training complete **
12-08 19:47 INFO     net 8 final test acc 0.290300
12-08 19:47 INFO     Training network 9. n_training: 4926
12-08 19:47 INFO     Training network 9
12-08 19:47 INFO     n_training: 76
12-08 19:47 INFO     n_test: 313
12-08 19:47 INFO     >> Pre-Training Training accuracy: 0.06558388157894737
12-08 19:47 INFO     >> Pre-Training Test accuracy: 0.1
12-08 19:47 INFO     Epoch: 0 Loss: 1.832696
12-08 19:47 INFO     >> Training accuracy: 0.439967
12-08 19:47 INFO     >> Test accuracy: 0.100000
12-08 19:47 INFO     Epoch: 1 Loss: 1.499068
12-08 19:47 INFO     Epoch: 2 Loss: 1.354172
12-08 19:47 INFO     Epoch: 3 Loss: 1.304176
12-08 19:47 INFO     Epoch: 4 Loss: 1.263225
12-08 19:48 INFO     Epoch: 5 Loss: 1.211192
12-08 19:48 INFO     Epoch: 6 Loss: 1.164831
12-08 19:48 INFO     Epoch: 7 Loss: 1.120138
12-08 19:48 INFO     Epoch: 8 Loss: 1.102466
12-08 19:48 INFO     Epoch: 9 Loss: 1.073484
12-08 19:48 INFO     >> Training accuracy: 0.658100
12-08 19:48 INFO     >> Test accuracy: 0.305300
12-08 19:48 INFO      ** Training complete **
12-08 19:48 INFO     net 9 final test acc 0.305300
12-08 19:48 INFO     avg test acc 0.261390
12-08 19:48 INFO     std acc 0.044689
