12-08 19:50 INFO     cuda:0
12-08 19:50 INFO     ####################################################################################################
12-08 19:50 INFO     Partitioning data
12-08 19:50 INFO     Data statistics: {0: {0: 953, 1: 142, 2: 141, 3: 75, 4: 695, 5: 819, 7: 2482}, 1: {0: 16, 1: 43, 2: 902, 3: 1650, 4: 86, 5: 182, 7: 693, 8: 110, 9: 6}, 2: {0: 9, 1: 8, 2: 290, 3: 769, 4: 841, 5: 283, 6: 119, 7: 1044, 8: 1014, 9: 58}, 3: {0: 395, 1: 1200, 2: 48, 3: 68, 4: 896, 5: 681, 6: 90, 7: 17, 8: 1351, 9: 301}, 4: {0: 504, 1: 2917, 2: 570, 3: 721, 4: 121, 5: 356}, 5: {0: 1262, 1: 71, 2: 325, 3: 119, 4: 1560, 5: 14, 6: 1, 7: 85, 8: 366}, 6: {0: 9, 1: 273, 2: 1657, 3: 40, 4: 1, 5: 130, 6: 1911, 7: 21, 8: 1160}, 7: {0: 722, 1: 3, 2: 281, 3: 738, 4: 22, 5: 974, 6: 624, 7: 1, 8: 82, 9: 878}, 8: {0: 1127, 1: 153, 2: 680, 3: 500, 4: 698, 5: 1139, 6: 92, 7: 23, 8: 1, 9: 3665}, 9: {0: 3, 1: 190, 2: 106, 3: 320, 4: 80, 5: 422, 6: 2163, 7: 634, 8: 916, 9: 92}}
12-08 19:50 INFO     Initializing nets
12-08 19:51 INFO     Training network 0
12-08 19:51 INFO     n_training: 781
12-08 19:51 INFO     n_test: 313
12-08 19:51 INFO     >> Pre-Training Training accuracy: 0.1000120038412292
12-08 19:51 INFO     >> Pre-Training Test accuracy: 0.1
12-08 19:52 INFO     Epoch: 0 Loss: 1.994314
12-08 19:53 INFO     >> Training accuracy: 0.372619
12-08 19:53 INFO     >> Test accuracy: 0.400900
12-08 19:53 INFO     Epoch: 1 Loss: 1.561368
12-08 19:54 INFO     Epoch: 2 Loss: 1.424615
12-08 19:55 INFO     Epoch: 3 Loss: 1.341845
12-08 19:56 INFO     Epoch: 4 Loss: 1.286502
12-08 19:57 INFO     Epoch: 5 Loss: 1.254429
12-08 19:57 INFO     Epoch: 6 Loss: 1.215403
12-08 19:58 INFO     Epoch: 7 Loss: 1.194085
12-08 19:59 INFO     Epoch: 8 Loss: 1.167286
12-08 20:00 INFO     Epoch: 9 Loss: 1.146478
12-08 20:00 INFO     >> Training accuracy: 0.595250
12-08 20:00 INFO     >> Test accuracy: 0.632500
12-08 20:00 INFO      ** Training complete **
12-08 20:00 INFO     All in test acc: 0.632500
